                        
                        
--------XXXX--------XXXX

1) Add Default Box
2) Move Belt One Time Unit
3) Move Belt X Time Units
4) Show Station Details
5) Add Box
6) Make Tester Conveyer Belt
7) Make New Conveyer Belt
0) Quit

Choice:> [34m[01m4[0m
Station 1
Has box: False
Packaging: None

Station 2
Has box: False
Packaging: None


1) Add Default Box
2) Move Belt One Time Unit
3) Move Belt X Time Units
4) Show Station Details
5) Add Box
6) Make Tester Conveyer Belt
7) Make New Conveyer Belt
0) Quit

Choice:> [34m[01m1[0m
14                      
0                       
--------XXXX--------XXXX

1) Add Default Box
2) Move Belt One Time Unit
3) Move Belt X Time Units
4) Show Station Details
5) Add Box
6) Make Tester Conveyer Belt
7) Make New Conveyer Belt
0) Quit

Choice:> [34m[01m2[0m
    14                  
    0                   
--------XXXX--------XXXX

1) Add Default Box
2) Move Belt One Time Unit
3) Move Belt X Time Units
4) Show Station Details
5) Add Box
6) Make Tester Conveyer Belt
7) Make New Conveyer Belt
0) Quit

Choice:> [34m[01m4[0m
Station 1
Has box: False
Packaging: None

Station 2
Has box: False
Packaging: None


1) Add Default Box
2) Move Belt One Time Unit
3) Move Belt X Time Units
4) Show Station Details
5) Add Box
6) Make Tester Conveyer Belt
7) Make New Conveyer Belt
0) Quit

Choice:> [34m[01m2[0m
        14              
        0               
--------XXXX--------XXXX

1) Add Default Box
2) Move Belt One Time Unit
3) Move Belt X Time Units
4) Show Station Details
5) Add Box
6) Make Tester Conveyer Belt
7) Make New Conveyer Belt
0) Quit

Choice:> [34m[01m4[0m
Station 1
Has box: True
Packaging: None

Station 2
Has box: False
Packaging: None


1) Add Default Box
2) Move Belt One Time Unit
3) Move Belt X Time Units
4) Show Station Details
5) Add Box
6) Make Tester Conveyer Belt
7) Make New Conveyer Belt
0) Quit

Choice:> [34m[01m2[0m
            14          
            0           
--------XXXX--------XXXX

1) Add Default Box
2) Move Belt One Time Unit
3) Move Belt X Time Units
4) Show Station Details
5) Add Box
6) Make Tester Conveyer Belt
7) Make New Conveyer Belt
0) Quit

Choice:> [34m[01m1[0m
15          14          
0           0           
--------XXXX--------XXXX

1) Add Default Box
2) Move Belt One Time Unit
3) Move Belt X Time Units
4) Show Station Details
5) Add Box
6) Make Tester Conveyer Belt
7) Make New Conveyer Belt
0) Quit

Choice:> [34m[01m4[0m
Station 1
Has box: False
Packaging: None

Station 2
Has box: False
Packaging: None


1) Add Default Box
2) Move Belt One Time Unit
3) Move Belt X Time Units
4) Show Station Details
5) Add Box
6) Make Tester Conveyer Belt
7) Make New Conveyer Belt
0) Quit

Choice:> [34m[01m2[0m
    15          14      
    0           0       
--------XXXX--------XXXX

1) Add Default Box
2) Move Belt One Time Unit
3) Move Belt X Time Units
4) Show Station Details
5) Add Box
6) Make Tester Conveyer Belt
7) Make New Conveyer Belt
0) Quit

Choice:> [34m[01m4[0m
Station 1
Has box: False
Packaging: None

Station 2
Has box: False
Packaging: None


1) Add Default Box
2) Move Belt One Time Unit
3) Move Belt X Time Units
4) Show Station Details
5) Add Box
6) Make Tester Conveyer Belt
7) Make New Conveyer Belt
0) Quit

Choice:> [34m[01m2[0m
        15          14  
        0           0   
--------XXXX--------XXXX

1) Add Default Box
2) Move Belt One Time Unit
3) Move Belt X Time Units
4) Show Station Details
5) Add Box
6) Make Tester Conveyer Belt
7) Make New Conveyer Belt
0) Quit

Choice:> [34m[01m4[0m
Station 1
Has box: True
Packaging: None

Station 2
Has box: True
Packaging: None


1) Add Default Box
2) Move Belt One Time Unit
3) Move Belt X Time Units
4) Show Station Details
5) Add Box
6) Make Tester Conveyer Belt
7) Make New Conveyer Belt
0) Quit

Choice:> [34m[01m2[0m
            15          
            0           
--------XXXX--------XXXX

1) Add Default Box
2) Move Belt One Time Unit
3) Move Belt X Time Units
4) Show Station Details
5) Add Box
6) Make Tester Conveyer Belt
7) Make New Conveyer Belt
0) Quit

Choice:> [34m[01m4[0m
Station 1
Has box: False
Packaging: None

Station 2
Has box: False
Packaging: None


1) Add Default Box
2) Move Belt One Time Unit
3) Move Belt X Time Units
4) Show Station Details
5) Add Box
6) Make Tester Conveyer Belt
7) Make New Conveyer Belt
0) Quit

Choice:> [34m[01m0[0m
