                        
                        
--------XXXX--------XXXX

1) Add Default Box
2) Move Belt One Time Unit
3) Move Belt X Time Units
4) Show Station Details
5) Add Box
6) Make Tester Conveyer Belt
7) Make New Conveyer Belt
0) Quit

Choice:> [34m[01m7[0m
Belt (1) or Station (2):> [34m[01m-1[0m
Input an option in the range 1-2

Add another component (n to stop):> [34m[01my[0m
Belt (1) or Station (2):> [34m[01m3[0m
Input an option in the range 1-2

Add another component (n to stop):> [34m[01my[0m
Belt (1) or Station (2):> [34m[01ma[0m
Cannot accept value

Add another component (n to stop):> [34m[01my[0m
Belt (1) or Station (2):> [34m[01m1[0m
Length:> [34m[01ma[0m
Cannot accept value

Add another component (n to stop):> [34m[01my[0m
Belt (1) or Station (2):> [34m[01m2[0m
Load behavior: None (1), Basic (2), or Percentage (3):> [34m[01ma[0m
Cannot accept value

Add another component (n to stop):> [34m[01my[0m
Belt (1) or Station (2):> [34m[01m2[0m
Load behavior: None (1), Basic (2), or Percentage (3):> [34m[01m-1[0m
Cannot accept value

Add another component (n to stop):> [34m[01my[0m
Belt (1) or Station (2):> [34m[01m2[0m
Load behavior: None (1), Basic (2), or Percentage (3):> [34m[01m4[0m
Cannot accept value

Add another component (n to stop):> [34m[01my[0m
Belt (1) or Station (2):> [34m[01m2[0m
Load behavior: None (1), Basic (2), or Percentage (3):> [34m[01m3[0m
Percentage of box:> [34m[01ma[0m
Cannot accept value

Add another component (n to stop):> [34m[01my[0m
Belt (1) or Station (2):> [34m[01m2[0m
Load behavior: None (1), Basic (2), or Percentage (3):> [34m[01m1[0m
Packaging behavior: None (1), Basic (2), or Restricted (3):> [34m[01m2[0m
Number of boxes per package:> [34m[01ma[0m
Cannot accept value

Add another component (n to stop):> [34m[01my[0m
Belt (1) or Station (2):> [34m[01m2[0m
Load behavior: None (1), Basic (2), or Percentage (3):> [34m[01m1[0m
Packaging behavior: None (1), Basic (2), or Restricted (3):> [34m[01m3[0m
Number of boxes per package:> [34m[01ma[0m
Cannot accept value

Add another component (n to stop):> [34m[01my[0m
Belt (1) or Station (2):> [34m[01m2[0m
Load behavior: None (1), Basic (2), or Percentage (3):> [34m[01m1[0m
Packaging behavior: None (1), Basic (2), or Restricted (3):> [34m[01m3[0m
Number of boxes per package:> [34m[01m22[0m
Minimum units:> [34m[01ma[0m
Cannot accept value

Add another component (n to stop):> [34m[01my[0m
Belt (1) or Station (2):> [34m[01m2[0m
Load behavior: None (1), Basic (2), or Percentage (3):> [34m[01m1[0m
Packaging behavior: None (1), Basic (2), or Restricted (3):> [34m[01m3[0m
Number of boxes per package:> [34m[01m11[0m
Minimum units:> [34m[01m44[0m
Maximum units:> [34m[01ma[0m
Cannot accept value

Add another component (n to stop):> [34m[01mn[0m




1) Add Default Box
2) Move Belt One Time Unit
3) Move Belt X Time Units
4) Show Station Details
5) Add Box
6) Make Tester Conveyer Belt
7) Make New Conveyer Belt
0) Quit

Choice:> [34m[01m0[0m
