                        
                        
--------XXXX--------XXXX

1) Add Default Box
2) Move Belt One Time Unit
3) Move Belt X Time Units
4) Show Station Details
5) Add Box
6) Make Tester Conveyer Belt
7) Make New Conveyer Belt
0) Quit

Choice:> [34m[01m-2[0m
Input an option in the range 0-7

1) Add Default Box
2) Move Belt One Time Unit
3) Move Belt X Time Units
4) Show Station Details
5) Add Box
6) Make Tester Conveyer Belt
7) Make New Conveyer Belt
0) Quit

Choice:> [34m[01m8[0m
Input an option in the range 0-7

1) Add Default Box
2) Move Belt One Time Unit
3) Move Belt X Time Units
4) Show Station Details
5) Add Box
6) Make Tester Conveyer Belt
7) Make New Conveyer Belt
0) Quit

Choice:> [34m[01ma[0m
Please, input a positive integer

1) Add Default Box
2) Move Belt One Time Unit
3) Move Belt X Time Units
4) Show Station Details
5) Add Box
6) Make Tester Conveyer Belt
7) Make New Conveyer Belt
0) Quit

Choice:> [34m[01m0[0m
